{"level":"error","message":"Petición GET recibida"}
{"level":"error","message":"Test Logger Error"}
{"level":"error","message":"Test Logger Error"}
{"level":"debug","message":"Test Logger Debug"}
{"level":"http","message":"Test Logger Http"}
{"level":"info","message":"Test Logger Info"}
{"level":"warning","message":"Test Logger warning"}
{"level":"error","message":"Test Logger Error"}
{"level":"debug","message":"Test Logger Debug"}
{"level":"http","message":"Test Logger Http"}
{"level":"info","message":"Test Logger Info"}
{"level":"warning","message":"Test Logger warning"}
{"level":"error","message":"Test Logger Error"}
{"level":"debug","message":"Test Logger Debug"}
{"level":"http","message":"Test Logger Http"}
{"level":"info","message":"Test Logger Info"}
{"level":"warning","message":"Test Logger warning"}
{"level":"error","message":"Test Logger Error"}
{"level":"debug","message":"Test Logger Debug"}
{"level":"http","message":"Test Logger Http"}
{"level":"info","message":"Test Logger Info"}
{"level":"warning","message":"Test Logger warning"}
{"level":"error","message":"Test Logger Error"}
{"level":"debug","message":"Test Logger Debug"}
{"level":"http","message":"Test Logger Http"}
{"level":"info","message":"Test Logger Info"}
{"level":"warning","message":"Test Logger warning"}
{"level":"error","message":"Test Logger Error"}
{"level":"debug","message":"Test Logger Debug"}
{"level":"http","message":"Test Logger Http"}
{"level":"info","message":"Test Logger Info"}
{"level":"warning","message":"Test Logger warning"}
{"level":"error","message":"Test Logger Error"}
{"level":"debug","message":"Test Logger Debug"}
{"level":"http","message":"Test Logger Http"}
{"level":"info","message":"Test Logger Info"}
{"level":"error","message":"Test Logger Error"}
{"level":"error","message":"Test Logger Error"}
{"level":"fatal","message":"Test Logger Fatal"}
